# JRE version: Java(TM) SE Runtime Environment (8.0_191-b12) (build 1.8.0_191-b12)
# Java VM: Java HotSpot(TM) 64-Bit Server VM (25.191-b12 mixed mode windows-amd64 compressed oops)
Heap:
 PSYoungGen      total 548352K, used 252402K [0x000000076b400000, 0x000000078f480000, 0x00000007c0000000)
  eden space 524800K, 48% used [0x000000076b400000,0x000000077aa5cae0,0x000000078b480000)
  from space 23552K, 0% used [0x000000078dd80000,0x000000078dda0000,0x000000078f480000)
  to   space 32768K, 0% used [0x000000078b480000,0x000000078b480000,0x000000078d480000)
 ParOldGen       total 123392K, used 60795K [0x00000006c1c00000, 0x00000006c9480000, 0x000000076b400000)
  object space 123392K, 49% used [0x00000006c1c00000,0x00000006c575ec60,0x00000006c9480000)
 Metaspace       used 26927K, capacity 28394K, committed 28544K, reserved 1073152K
  class space    used 3692K, capacity 3965K, committed 3968K, reserved 1048576K
GC Heap History (10 events):
Event: 20.221 GC heap before
{Heap before GC invocations=17 (full 1):
 PSYoungGen      total 360960K, used 326272K [0x000000076b400000, 0x0000000789c80000, 0x00000007c0000000)
  eden space 326144K, 100% used [0x000000076b400000,0x000000077f280000,0x000000077f280000)
  from space 34816K, 0% used [0x000000077f280000,0x000000077f2a0000,0x0000000781480000)
  to   space 35328K, 0% used [0x0000000787a00000,0x0000000787a00000,0x0000000789c80000)
 ParOldGen       total 123392K, used 60763K [0x00000006c1c00000, 0x00000006c9480000, 0x000000076b400000)
  object space 123392K, 49% used [0x00000006c1c00000,0x00000006c5756c60,0x00000006c9480000)
 Metaspace       used 26266K, capacity 27664K, committed 27776K, reserved 1073152K
  class space    used 3652K, capacity 3896K, committed 3968K, reserved 1048576K
Event: 20.222 GC heap after
Heap after GC invocations=17 (full 1):
 PSYoungGen      total 441344K, used 128K [0x000000076b400000, 0x0000000789100000, 0x00000007c0000000)
  eden space 417792K, 0% used [0x000000076b400000,0x000000076b400000,0x0000000784c00000)
  from space 23552K, 0% used [0x0000000787a00000,0x0000000787a20000,0x0000000789100000)
  to   space 35328K, 0% used [0x0000000784c00000,0x0000000784c00000,0x0000000786e80000)
 ParOldGen       total 123392K, used 60787K [0x00000006c1c00000, 0x00000006c9480000, 0x000000076b400000)
  object space 123392K, 49% used [0x00000006c1c00000,0x00000006c575cc60,0x00000006c9480000)
 Metaspace       used 26266K, capacity 27664K, committed 27776K, reserved 1073152K
  class space    used 3652K, capacity 3896K, committed 3968K, reserved 1048576K
}
Event: 20.645 GC heap before
{Heap before GC invocations=18 (full 1):
 PSYoungGen      total 441344K, used 417920K [0x000000076b400000, 0x0000000789100000, 0x00000007c0000000)
  eden space 417792K, 100% used [0x000000076b400000,0x0000000784c00000,0x0000000784c00000)
  from space 23552K, 0% used [0x0000000787a00000,0x0000000787a20000,0x0000000789100000)
  to   space 35328K, 0% used [0x0000000784c00000,0x0000000784c00000,0x0000000786e80000)
 ParOldGen       total 123392K, used 60787K [0x00000006c1c00000, 0x00000006c9480000, 0x000000076b400000)
  object space 123392K, 49% used [0x00000006c1c00000,0x00000006c575cc60,0x00000006c9480000)
 Metaspace       used 26266K, capacity 27664K, committed 27776K, reserved 1073152K
  class space    used 3652K, capacity 3896K, committed 3968K, reserved 1048576K
Event: 20.646 GC heap after
Heap after GC invocations=18 (full 1):
 PSYoungGen      total 453120K, used 128K [0x000000076b400000, 0x000000078d300000, 0x00000007c0000000)
  eden space 417792K, 0% used [0x000000076b400000,0x000000076b400000,0x0000000784c00000)
  from space 35328K, 0% used [0x0000000784c00000,0x0000000784c20000,0x0000000786e80000)
  to   space 35328K, 0% used [0x000000078b080000,0x000000078b080000,0x000000078d300000)
 ParOldGen       total 123392K, used 60787K [0x00000006c1c00000, 0x00000006c9480000, 0x000000076b400000)
  object space 123392K, 49% used [0x00000006c1c00000,0x00000006c575cc60,0x00000006c9480000)
 Metaspace       used 26266K, capacity 27664K, committed 27776K, reserved 1073152K
  class space    used 3652K, capacity 3896K, committed 3968K, reserved 1048576K
}
Event: 21.035 GC heap before
{Heap before GC invocations=19 (full 1):
 PSYoungGen      total 453120K, used 417920K [0x000000076b400000, 0x000000078d300000, 0x00000007c0000000)
  eden space 417792K, 100% used [0x000000076b400000,0x0000000784c00000,0x0000000784c00000)
  from space 35328K, 0% used [0x0000000784c00000,0x0000000784c20000,0x0000000786e80000)
  to   space 35328K, 0% used [0x000000078b080000,0x000000078b080000,0x000000078d300000)
 ParOldGen       total 123392K, used 60787K [0x00000006c1c00000, 0x00000006c9480000, 0x000000076b400000)
  object space 123392K, 49% used [0x00000006c1c00000,0x00000006c575cc60,0x00000006c9480000)
 Metaspace       used 26266K, capacity 27664K, committed 27776K, reserved 1073152K
  class space    used 3652K, capacity 3896K, committed 3968K, reserved 1048576K
Event: 21.036 GC heap after
Heap after GC invocations=19 (full 1):
 PSYoungGen      total 501248K, used 128K [0x000000076b400000, 0x000000078c900000, 0x00000007c0000000)
  eden space 476160K, 0% used [0x000000076b400000,0x000000076b400000,0x0000000788500000)
  from space 25088K, 0% used [0x000000078b080000,0x000000078b0a0000,0x000000078c900000)
  to   space 34816K, 0% used [0x0000000788500000,0x0000000788500000,0x000000078a700000)
 ParOldGen       total 123392K, used 60787K [0x00000006c1c00000, 0x00000006c9480000, 0x000000076b400000)
  object space 123392K, 49% used [0x00000006c1c00000,0x00000006c575cc60,0x00000006c9480000)
 Metaspace       used 26266K, capacity 27664K, committed 27776K, reserved 1073152K
  class space    used 3652K, capacity 3896K, committed 3968K, reserved 1048576K
}
Event: 21.500 GC heap before
{Heap before GC invocations=20 (full 1):
 PSYoungGen      total 501248K, used 476288K [0x000000076b400000, 0x000000078c900000, 0x00000007c0000000)
  eden space 476160K, 100% used [0x000000076b400000,0x0000000788500000,0x0000000788500000)
  from space 25088K, 0% used [0x000000078b080000,0x000000078b0a0000,0x000000078c900000)
  to   space 34816K, 0% used [0x0000000788500000,0x0000000788500000,0x000000078a700000)
 ParOldGen       total 123392K, used 60787K [0x00000006c1c00000, 0x00000006c9480000, 0x000000076b400000)
  object space 123392K, 49% used [0x00000006c1c00000,0x00000006c575cc60,0x00000006c9480000)
 Metaspace       used 26266K, capacity 27664K, committed 27776K, reserved 1073152K
  class space    used 3652K, capacity 3896K, committed 3968K, reserved 1048576K
Event: 21.501 GC heap after
Heap after GC invocations=20 (full 1):
 PSYoungGen      total 510976K, used 128K [0x000000076b400000, 0x000000078fe80000, 0x00000007c0000000)
  eden space 476160K, 0% used [0x000000076b400000,0x000000076b400000,0x0000000788500000)
  from space 34816K, 0% used [0x0000000788500000,0x0000000788520000,0x000000078a700000)
  to   space 33792K, 0% used [0x000000078dd80000,0x000000078dd80000,0x000000078fe80000)
 ParOldGen       total 123392K, used 60795K [0x00000006c1c00000, 0x00000006c9480000, 0x000000076b400000)
  object space 123392K, 49% used [0x00000006c1c00000,0x00000006c575ec60,0x00000006c9480000)
 Metaspace       used 26266K, capacity 27664K, committed 27776K, reserved 1073152K
  class space    used 3652K, capacity 3896K, committed 3968K, reserved 1048576K
}
Event: 21.946 GC heap before
{Heap before GC invocations=21 (full 1):
 PSYoungGen      total 510976K, used 476288K [0x000000076b400000, 0x000000078fe80000, 0x00000007c0000000)
  eden space 476160K, 100% used [0x000000076b400000,0x0000000788500000,0x0000000788500000)
  from space 34816K, 0% used [0x0000000788500000,0x0000000788520000,0x000000078a700000)
  to   space 33792K, 0% used [0x000000078dd80000,0x000000078dd80000,0x000000078fe80000)
 ParOldGen       total 123392K, used 60795K [0x00000006c1c00000, 0x00000006c9480000, 0x000000076b400000)
  object space 123392K, 49% used [0x00000006c1c00000,0x00000006c575ec60,0x00000006c9480000)
 Metaspace       used 26266K, capacity 27664K, committed 27776K, reserved 1073152K
  class space    used 3652K, capacity 3896K, committed 3968K, reserved 1048576K
Event: 21.947 GC heap after
Heap after GC invocations=21 (full 1):
 PSYoungGen      total 548352K, used 128K [0x000000076b400000, 0x000000078f480000, 0x00000007c0000000)
  eden space 524800K, 0% used [0x000000076b400000,0x000000076b400000,0x000000078b480000)
  from space 23552K, 0% used [0x000000078dd80000,0x000000078dda0000,0x000000078f480000)
  to   space 32768K, 0% used [0x000000078b480000,0x000000078b480000,0x000000078d480000)
 ParOldGen       total 123392K, used 60795K [0x00000006c1c00000, 0x00000006c9480000, 0x000000076b400000)
  object space 123392K, 49% used [0x00000006c1c00000,0x00000006c575ec60,0x00000006c9480000)
 Metaspace       used 26266K, capacity 27664K, committed 27776K, reserved 1073152K
  class space    used 3652K, capacity 3896K, committed 3968K, reserved 1048576K
}

